solutions/hands/build/intermediates/manifest_merge_blame_file/debug/manifest-merger-blame-debug-report.txt
1<?xml version="1.0" encoding="utf-8"?>
2<manifest xmlns:android="http://schemas.android.com/apk/res/android"
3    package="com.google.mediapipe.apps.hands"
4    android:versionCode="1"
5    android:versionName="1.0" >
6
7    <uses-sdk
7-->src/main/AndroidManifest.xml:5:5-7:41
8        android:minSdkVersion="21"
8-->src/main/AndroidManifest.xml:6:9-35
9        android:targetSdkVersion="33" />
9-->src/main/AndroidManifest.xml:7:9-38
10
11    <!-- For loading images from gallery -->
12    <uses-permission android:name="android.permission.READ_EXTERNAL_STORAGE" />
12-->src/main/AndroidManifest.xml:10:5-80
12-->src/main/AndroidManifest.xml:10:22-77
13    <!-- For using the camera -->
14    <uses-permission android:name="android.permission.CAMERA" />
14-->src/main/AndroidManifest.xml:12:5-65
14-->src/main/AndroidManifest.xml:12:22-62
15
16    <uses-feature android:name="android.hardware.camera" />
16-->src/main/AndroidManifest.xml:13:5-60
16-->src/main/AndroidManifest.xml:13:19-57
17    <!-- For logging solution events -->
18    <uses-permission android:name="android.permission.INTERNET" />
18-->src/main/AndroidManifest.xml:15:5-67
18-->src/main/AndroidManifest.xml:15:22-64
19    <uses-permission android:name="android.permission.ACCESS_NETWORK_STATE" />
19-->src/main/AndroidManifest.xml:16:5-79
19-->src/main/AndroidManifest.xml:16:22-76
20
21    <application
21-->src/main/AndroidManifest.xml:18:5-35:19
22        android:allowBackup="true"
22-->src/main/AndroidManifest.xml:19:9-35
23        android:appComponentFactory="androidx.core.app.CoreComponentFactory"
23-->[androidx.core:core:1.5.0] AndroidManifest.xml:24:18-86
24        android:debuggable="true"
25        android:icon="@mipmap/ic_launcher"
25-->src/main/AndroidManifest.xml:20:9-43
26        android:label="MediaPipe Hands"
26-->src/main/AndroidManifest.xml:21:9-40
27        android:roundIcon="@mipmap/ic_launcher_round"
27-->src/main/AndroidManifest.xml:22:9-54
28        android:supportsRtl="true"
28-->src/main/AndroidManifest.xml:23:9-35
29        android:testOnly="true"
30        android:theme="@style/AppTheme" >
30-->src/main/AndroidManifest.xml:24:9-40
31        <activity
31-->src/main/AndroidManifest.xml:25:9-34:20
32            android:name="com.google.mediapipe.examples.hands.MainActivity"
32-->src/main/AndroidManifest.xml:26:13-41
33            android:exported="true"
33-->src/main/AndroidManifest.xml:28:13-36
34            android:screenOrientation="portrait" >
34-->src/main/AndroidManifest.xml:27:13-49
35            <intent-filter>
35-->src/main/AndroidManifest.xml:29:13-33:29
36                <action android:name="android.intent.action.MAIN" />
36-->src/main/AndroidManifest.xml:30:17-69
36-->src/main/AndroidManifest.xml:30:25-66
37
38                <category android:name="android.intent.category.LAUNCHER" />
38-->src/main/AndroidManifest.xml:32:17-77
38-->src/main/AndroidManifest.xml:32:27-74
39            </intent-filter>
40        </activity>
41
42        <service
42-->[com.google.android.datatransport:transport-backend-cct:3.1.0] AndroidManifest.xml:29:9-35:19
43            android:name="com.google.android.datatransport.runtime.backends.TransportBackendDiscovery"
43-->[com.google.android.datatransport:transport-backend-cct:3.1.0] AndroidManifest.xml:30:13-103
44            android:exported="false" >
44-->[com.google.android.datatransport:transport-backend-cct:3.1.0] AndroidManifest.xml:31:13-37
45            <meta-data
45-->[com.google.android.datatransport:transport-backend-cct:3.1.0] AndroidManifest.xml:32:13-34:39
46                android:name="backend:com.google.android.datatransport.cct.CctBackendFactory"
46-->[com.google.android.datatransport:transport-backend-cct:3.1.0] AndroidManifest.xml:33:17-94
47                android:value="cct" />
47-->[com.google.android.datatransport:transport-backend-cct:3.1.0] AndroidManifest.xml:34:17-36
48        </service>
49        <service
49-->[com.google.android.datatransport:transport-runtime:3.1.0] AndroidManifest.xml:26:9-30:19
50            android:name="com.google.android.datatransport.runtime.scheduling.jobscheduling.JobInfoSchedulerService"
50-->[com.google.android.datatransport:transport-runtime:3.1.0] AndroidManifest.xml:27:13-117
51            android:exported="false"
51-->[com.google.android.datatransport:transport-runtime:3.1.0] AndroidManifest.xml:28:13-37
52            android:permission="android.permission.BIND_JOB_SERVICE" >
52-->[com.google.android.datatransport:transport-runtime:3.1.0] AndroidManifest.xml:29:13-69
53        </service>
54
55        <receiver
55-->[com.google.android.datatransport:transport-runtime:3.1.0] AndroidManifest.xml:32:9-34:40
56            android:name="com.google.android.datatransport.runtime.scheduling.jobscheduling.AlarmManagerSchedulerBroadcastReceiver"
56-->[com.google.android.datatransport:transport-runtime:3.1.0] AndroidManifest.xml:33:13-132
57            android:exported="false" />
57-->[com.google.android.datatransport:transport-runtime:3.1.0] AndroidManifest.xml:34:13-37
58    </application>
59
60</manifest>